[12:04:52] [Server thread/INFO]: Starting minecraft server version 1.7.10
[12:05:08] [Server thread/INFO]: Loading properties
[12:05:08] [Server thread/INFO]: Default game type: SURVIVAL
[12:05:08] [Server thread/INFO]: Generating keypair
[12:05:09] [Server thread/INFO]: Starting Minecraft server on *:25565
[12:05:10] [Server thread/WARN]: Failed to load user banlist: 
java.io.FileNotFoundException: banned-players.json (系统找不到指定的文件。)
	at java.io.FileInputStream.open0(Native Method) ~[?:1.8.0_201]
	at java.io.FileInputStream.open(FileInputStream.java:195) ~[?:1.8.0_201]
	at java.io.FileInputStream.<init>(FileInputStream.java:138) ~[?:1.8.0_201]
	at com.google.common.io.Files.newReader(Files.java:86) ~[guava-17.0.jar:?]
	at net.minecraft.server.management.UserList.func_152679_g(UserList.java:195) ~[UserList.class:?]
	at net.minecraft.server.dedicated.DedicatedPlayerList.func_152620_y(DedicatedPlayerList.java:124) [DedicatedPlayerList.class:?]
	at net.minecraft.server.dedicated.DedicatedPlayerList.<init>(DedicatedPlayerList.java:31) [DedicatedPlayerList.class:?]
	at net.minecraft.server.dedicated.DedicatedServer.startServer(DedicatedServer.java:214) [DedicatedServer.class:?]
	at net.minecraft.server.MinecraftServer.run(MinecraftServer.java:445) [MinecraftServer.class:?]
	at net.minecraft.server.MinecraftServer$2.run(MinecraftServer.java:752) [MinecraftServer$2.class:?]
[12:05:10] [Server thread/WARN]: Failed to load ip banlist: 
java.io.FileNotFoundException: banned-ips.json (系统找不到指定的文件。)
	at java.io.FileInputStream.open0(Native Method) ~[?:1.8.0_201]
	at java.io.FileInputStream.open(FileInputStream.java:195) ~[?:1.8.0_201]
	at java.io.FileInputStream.<init>(FileInputStream.java:138) ~[?:1.8.0_201]
	at com.google.common.io.Files.newReader(Files.java:86) ~[guava-17.0.jar:?]
	at net.minecraft.server.management.UserList.func_152679_g(UserList.java:195) ~[UserList.class:?]
	at net.minecraft.server.dedicated.DedicatedPlayerList.func_152619_x(DedicatedPlayerList.java:112) [DedicatedPlayerList.class:?]
	at net.minecraft.server.dedicated.DedicatedPlayerList.<init>(DedicatedPlayerList.java:33) [DedicatedPlayerList.class:?]
	at net.minecraft.server.dedicated.DedicatedServer.startServer(DedicatedServer.java:214) [DedicatedServer.class:?]
	at net.minecraft.server.MinecraftServer.run(MinecraftServer.java:445) [MinecraftServer.class:?]
	at net.minecraft.server.MinecraftServer$2.run(MinecraftServer.java:752) [MinecraftServer$2.class:?]
[12:05:10] [Server thread/WARN]: Failed to load operators list: 
java.io.FileNotFoundException: ops.json (系统找不到指定的文件。)
	at java.io.FileInputStream.open0(Native Method) ~[?:1.8.0_201]
	at java.io.FileInputStream.open(FileInputStream.java:195) ~[?:1.8.0_201]
	at java.io.FileInputStream.<init>(FileInputStream.java:138) ~[?:1.8.0_201]
	at com.google.common.io.Files.newReader(Files.java:86) ~[guava-17.0.jar:?]
	at net.minecraft.server.management.UserList.func_152679_g(UserList.java:195) ~[UserList.class:?]
	at net.minecraft.server.dedicated.DedicatedPlayerList.loadOpsList(DedicatedPlayerList.java:136) [DedicatedPlayerList.class:?]
	at net.minecraft.server.dedicated.DedicatedPlayerList.<init>(DedicatedPlayerList.java:35) [DedicatedPlayerList.class:?]
	at net.minecraft.server.dedicated.DedicatedServer.startServer(DedicatedServer.java:214) [DedicatedServer.class:?]
	at net.minecraft.server.MinecraftServer.run(MinecraftServer.java:445) [MinecraftServer.class:?]
	at net.minecraft.server.MinecraftServer$2.run(MinecraftServer.java:752) [MinecraftServer$2.class:?]
[12:05:10] [Server thread/WARN]: Failed to load white-list: 
java.io.FileNotFoundException: whitelist.json (系统找不到指定的文件。)
	at java.io.FileInputStream.open0(Native Method) ~[?:1.8.0_201]
	at java.io.FileInputStream.open(FileInputStream.java:195) ~[?:1.8.0_201]
	at java.io.FileInputStream.<init>(FileInputStream.java:138) ~[?:1.8.0_201]
	at com.google.common.io.Files.newReader(Files.java:86) ~[guava-17.0.jar:?]
	at net.minecraft.server.management.UserList.func_152679_g(UserList.java:195) ~[UserList.class:?]
	at net.minecraft.server.dedicated.DedicatedPlayerList.readWhiteList(DedicatedPlayerList.java:160) [DedicatedPlayerList.class:?]
	at net.minecraft.server.dedicated.DedicatedPlayerList.<init>(DedicatedPlayerList.java:36) [DedicatedPlayerList.class:?]
	at net.minecraft.server.dedicated.DedicatedServer.startServer(DedicatedServer.java:214) [DedicatedServer.class:?]
	at net.minecraft.server.MinecraftServer.run(MinecraftServer.java:445) [MinecraftServer.class:?]
	at net.minecraft.server.MinecraftServer$2.run(MinecraftServer.java:752) [MinecraftServer$2.class:?]
[12:05:10] [Server thread/INFO]: Preparing level "world"
[12:05:12] [Server thread/INFO]: Preparing start region for level 0
[12:05:13] [Server thread/INFO]: Preparing spawn area: 5%
[12:05:14] [Server thread/INFO]: Preparing spawn area: 9%
[12:05:15] [Server thread/INFO]: Preparing spawn area: 16%
[12:05:16] [Server thread/INFO]: Preparing spawn area: 23%
[12:05:17] [Server thread/INFO]: Preparing spawn area: 33%
[12:05:19] [Server thread/INFO]: Preparing spawn area: 46%
[12:05:20] [Server thread/INFO]: Preparing spawn area: 58%
[12:05:21] [Server thread/INFO]: Preparing spawn area: 68%
[12:05:22] [Server thread/INFO]: Preparing spawn area: 78%
[12:05:23] [Server thread/INFO]: Preparing spawn area: 93%
[12:05:23] [Server thread/INFO]: Done (13.342s)! For help, type "help" or "?"
[12:06:04] [Server thread/INFO]: Stopping server
[12:06:04] [Server thread/INFO]: Saving players
[12:06:04] [Server thread/INFO]: Saving worlds
[12:06:04] [Server thread/INFO]: Saving chunks for level 'world'/Overworld
[12:06:04] [Server thread/INFO]: Saving chunks for level 'world'/Nether
[12:06:04] [Server thread/INFO]: Saving chunks for level 'world'/The End
