[08:57:15] [main/INFO]: Setting user: Player719
[08:57:18] [Client thread/INFO]: LWJGL Version: 2.9.1
[08:57:34] [Client thread/INFO]: Reloading ResourceManager: Default, FMLFileResourcePack:Forge Mod Loader, FMLFileResourcePack:Minecraft Forge, FMLFileResourcePack:Ore Plant, FMLFileResourcePack:Element Core
[08:57:36] [Sound Library Loader/INFO]: Sound engine started
[08:57:40] [Client thread/INFO]: Created: 16x16 textures/blocks-atlas
[08:57:40] [Client thread/INFO]: Created: 16x16 textures/items-atlas
[08:57:40] [Client thread/INFO]: Reloading ResourceManager: Default, FMLFileResourcePack:Forge Mod Loader, FMLFileResourcePack:Minecraft Forge, FMLFileResourcePack:Ore Plant, FMLFileResourcePack:Element Core
[08:57:41] [Client thread/INFO]: Created: 512x256 textures/blocks-atlas
[08:57:41] [Client thread/INFO]: Created: 256x256 textures/items-atlas
[08:57:42] [Sound Library Loader/INFO]: Sound engine started
[08:59:48] [Server thread/INFO]: Starting integrated minecraft server version 1.7.10
[08:59:48] [Server thread/INFO]: Generating keypair
[08:59:49] [Server thread/INFO]: Preparing start region for level 0
[08:59:49] [Server thread/WARN]: Skipping Piece with id ViOF
[08:59:49] [Server thread/WARN]: Skipping Piece with id ViODF
[08:59:49] [Server thread/WARN]: Skipping Piece with id ViOF
[08:59:49] [Server thread/WARN]: Skipping Piece with id ViOF
[08:59:49] [Server thread/WARN]: Skipping Piece with id ViODF
[08:59:49] [Server thread/WARN]: Skipping Piece with id ViODF
[08:59:49] [Server thread/WARN]: Skipping Piece with id ViODF
[08:59:49] [Server thread/WARN]: Skipping Piece with id ViODF
[08:59:49] [Server thread/WARN]: Skipping Piece with id ViODF
[08:59:49] [Server thread/WARN]: Skipping Piece with id ViOF
[08:59:49] [Server thread/WARN]: Skipping Piece with id ViODF
[08:59:49] [Server thread/WARN]: Skipping Piece with id ViODF
[08:59:49] [Server thread/WARN]: Skipping Piece with id ViOF
[08:59:49] [Server thread/WARN]: Skipping Piece with id ViOF
[08:59:49] [Server thread/WARN]: Skipping Piece with id ViOF
[08:59:49] [Server thread/WARN]: Skipping Piece with id ViODF
[08:59:49] [Server thread/WARN]: Skipping Piece with id ViODF
[08:59:49] [Server thread/WARN]: Skipping Piece with id ViODF
[08:59:49] [Server thread/WARN]: Skipping Piece with id ViODF
[08:59:49] [Server thread/WARN]: Skipping Piece with id ViODF
[08:59:49] [Server thread/WARN]: Skipping Piece with id ViODF
[08:59:49] [Server thread/WARN]: Skipping Piece with id ViOF
[08:59:49] [Server thread/WARN]: Skipping Piece with id ViOF
[08:59:49] [Server thread/WARN]: Skipping Piece with id ViODF
[08:59:49] [Server thread/WARN]: Skipping Piece with id ViOF
[08:59:49] [Server thread/WARN]: Skipping Piece with id ViOF
[08:59:49] [Server thread/WARN]: Skipping Piece with id ViOF
[08:59:49] [Server thread/WARN]: Skipping Piece with id ViODF
[08:59:49] [Server thread/WARN]: Skipping Piece with id ViODF
[08:59:49] [Server thread/WARN]: Skipping Piece with id ViODF
[08:59:49] [Server thread/WARN]: Skipping Piece with id ViOF
[08:59:49] [Server thread/WARN]: Skipping Piece with id ViODF
[08:59:49] [Server thread/WARN]: Skipping Piece with id ViOF
[08:59:49] [Server thread/WARN]: Skipping Piece with id ViOF
[08:59:49] [Server thread/WARN]: Skipping Piece with id ViODF
[08:59:49] [Server thread/WARN]: Skipping Piece with id ViODF
[08:59:50] [Server thread/INFO]: Preparing spawn area: 3%
[08:59:51] [Server thread/INFO]: Preparing spawn area: 91%
[08:59:51] [Server thread/WARN]: Skipping Entity with id minecraft:item
[08:59:51] [Server thread/WARN]: Skipping Entity with id minecraft:item
[08:59:51] [Server thread/WARN]: Skipping Entity with id minecraft:villager
[08:59:51] [Server thread/WARN]: Skipping Entity with id minecraft:item
[08:59:51] [Server thread/WARN]: Skipping Entity with id minecraft:item
[08:59:51] [Server thread/WARN]: Skipping Entity with id minecraft:villager
[08:59:51] [Server thread/WARN]: Skipping Entity with id minecraft:item
[08:59:51] [Server thread/WARN]: Skipping Entity with id minecraft:item
[08:59:51] [Server thread/WARN]: Skipping Entity with id minecraft:item
[08:59:51] [Server thread/WARN]: Skipping Entity with id minecraft:item
[08:59:51] [Server thread/WARN]: Skipping Entity with id minecraft:item
[08:59:51] [Server thread/WARN]: Skipping Entity with id minecraft:item
[08:59:51] [Server thread/WARN]: Skipping Entity with id minecraft:item
[08:59:51] [Server thread/WARN]: Skipping Entity with id minecraft:item
[08:59:51] [Server thread/WARN]: Skipping Entity with id minecraft:villager
[08:59:51] [Server thread/WARN]: Skipping Entity with id minecraft:item
[08:59:51] [Server thread/WARN]: Skipping Entity with id minecraft:villager
[08:59:51] [Server thread/WARN]: Skipping Entity with id minecraft:item
[08:59:51] [Server thread/WARN]: Skipping Entity with id minecraft:item
[08:59:51] [Server thread/WARN]: Skipping Entity with id minecraft:item
[08:59:51] [Server thread/WARN]: Skipping Entity with id minecraft:item
[08:59:51] [Server thread/WARN]: Skipping Entity with id minecraft:item
[08:59:51] [Server thread/WARN]: Skipping Entity with id minecraft:item
[08:59:51] [Server thread/WARN]: Skipping Entity with id minecraft:item
[08:59:51] [Server thread/WARN]: Skipping Entity with id minecraft:item
[08:59:51] [Server thread/WARN]: Skipping Entity with id minecraft:item
[08:59:51] [Server thread/WARN]: Skipping Entity with id minecraft:item
[08:59:51] [Server thread/WARN]: Skipping Entity with id minecraft:item
[08:59:51] [Server thread/WARN]: Skipping Entity with id minecraft:item
[08:59:51] [Server thread/WARN]: Skipping Entity with id minecraft:item
[08:59:51] [Server thread/WARN]: Skipping Entity with id minecraft:villager
[08:59:51] [Server thread/WARN]: Skipping Entity with id minecraft:villager
[08:59:51] [Server thread/WARN]: Skipping Entity with id minecraft:item
[08:59:51] [Server thread/WARN]: Skipping Entity with id minecraft:item
[08:59:51] [Server thread/WARN]: Skipping Entity with id minecraft:item
[08:59:51] [Server thread/WARN]: Skipping Entity with id minecraft:item
[08:59:51] [Server thread/WARN]: Skipping Entity with id minecraft:villager
[08:59:51] [Server thread/WARN]: Skipping Entity with id minecraft:villager
[08:59:51] [Server thread/WARN]: Skipping Entity with id minecraft:slime
[08:59:51] [Server thread/WARN]: Skipping Entity with id minecraft:villager
[08:59:51] [Server thread/WARN]: Skipping Entity with id minecraft:villager
[08:59:51] [Server thread/WARN]: Skipping Entity with id minecraft:villager
[08:59:51] [Server thread/WARN]: Skipping Entity with id minecraft:item
[08:59:51] [Server thread/WARN]: Skipping Entity with id minecraft:villager
[08:59:51] [Server thread/WARN]: Skipping Entity with id minecraft:creeper
[08:59:51] [Server thread/WARN]: Skipping Entity with id minecraft:villager
[08:59:51] [Server thread/WARN]: Skipping Entity with id minecraft:villager
[08:59:52] [Server thread/WARN]: Skipping Entity with id minecraft:villager
[08:59:52] [Server thread/WARN]: Skipping Entity with id minecraft:villager
[08:59:52] [Server thread/WARN]: Skipping Entity with id minecraft:villager
[08:59:52] [Server thread/WARN]: Skipping Entity with id minecraft:villager
[08:59:52] [Server thread/WARN]: Skipping Entity with id minecraft:slime
[08:59:52] [Server thread/INFO]: Changing view distance to 12, from 10
[08:59:52] [Server thread/WARN]: Ignoring unknown attribute 'generic.armor'
[08:59:52] [Server thread/WARN]: Ignoring unknown attribute 'generic.armorToughness'
[08:59:52] [Server thread/WARN]: Ignoring unknown attribute 'generic.attackSpeed'
[08:59:52] [Server thread/WARN]: Ignoring unknown attribute 'generic.luck'
[08:59:52] [Server thread/WARN]: Ignoring unknown attribute 'generic.reachDistance'
[08:59:52] [Server thread/INFO]: Player719[local:E:a1096b8e] logged in with entity id 0 at (94.13416432925293, 16.867871451533944, -291.33945869927487)
[08:59:52] [Server thread/INFO]: Player719 joined the game
[08:59:53] [Server thread/WARN]: Skipping Entity with id minecraft:item
[08:59:53] [Server thread/WARN]: Skipping Entity with id minecraft:item
[08:59:53] [Server thread/WARN]: Skipping Entity with id minecraft:item
[08:59:53] [Server thread/WARN]: Skipping Entity with id minecraft:villager
[08:59:53] [Server thread/WARN]: Skipping Entity with id minecraft:slime
[08:59:53] [Server thread/WARN]: Skipping Entity with id minecraft:slime
[08:59:53] [Server thread/WARN]: Skipping Entity with id minecraft:item
[08:59:53] [Server thread/WARN]: Skipping Entity with id minecraft:chicken
[08:59:53] [Server thread/WARN]: Skipping Entity with id minecraft:item
[08:59:53] [Server thread/WARN]: Skipping Entity with id minecraft:slime
[08:59:53] [Server thread/WARN]: Skipping Entity with id minecraft:villager
[08:59:53] [Server thread/WARN]: Skipping Entity with id minecraft:item
[08:59:53] [Server thread/WARN]: Skipping Entity with id minecraft:item
[08:59:53] [Server thread/WARN]: Skipping Entity with id minecraft:item
[08:59:53] [Server thread/WARN]: Skipping Entity with id minecraft:item
[08:59:53] [Server thread/WARN]: Skipping Entity with id minecraft:item
[08:59:53] [Server thread/WARN]: Skipping Entity with id minecraft:item
[08:59:53] [Server thread/WARN]: Skipping Entity with id minecraft:item
[08:59:53] [Server thread/WARN]: Skipping Entity with id minecraft:item
[08:59:53] [Server thread/WARN]: Skipping Entity with id minecraft:item
[08:59:53] [Server thread/WARN]: Skipping Entity with id minecraft:item
[08:59:53] [Server thread/WARN]: Skipping Entity with id minecraft:item
[08:59:53] [Server thread/WARN]: Skipping Entity with id minecraft:villager
[08:59:53] [Server thread/WARN]: Skipping Entity with id minecraft:item
[08:59:53] [Server thread/WARN]: Skipping Entity with id minecraft:item
[08:59:53] [Server thread/WARN]: Skipping Entity with id minecraft:cow
[08:59:53] [Server thread/WARN]: Skipping Entity with id minecraft:chicken
[08:59:53] [Server thread/WARN]: Skipping Entity with id minecraft:sheep
[08:59:53] [Server thread/WARN]: Skipping Entity with id minecraft:slime
[08:59:53] [Server thread/WARN]: Skipping Entity with id minecraft:sheep
[08:59:53] [Server thread/WARN]: Skipping Entity with id minecraft:slime
[08:59:53] [Server thread/WARN]: Skipping Entity with id minecraft:slime
[08:59:53] [Server thread/WARN]: Skipping Entity with id minecraft:slime
[08:59:53] [Server thread/WARN]: Skipping Entity with id minecraft:sheep
[08:59:53] [Server thread/WARN]: Skipping Entity with id minecraft:sheep
[08:59:53] [Server thread/WARN]: Skipping Entity with id minecraft:sheep
[08:59:53] [Server thread/WARN]: Skipping Entity with id minecraft:chicken
[08:59:53] [Server thread/WARN]: Skipping Entity with id minecraft:sheep
[08:59:53] [Server thread/WARN]: Skipping Entity with id minecraft:chicken
[08:59:53] [Server thread/WARN]: Skipping Entity with id minecraft:villager
[08:59:53] [Server thread/WARN]: Skipping Entity with id minecraft:sheep
[08:59:53] [Server thread/WARN]: Skipping Entity with id minecraft:chicken
[08:59:53] [Server thread/WARN]: Skipping Entity with id minecraft:sheep
[08:59:53] [Server thread/WARN]: Skipping Entity with id minecraft:chicken
[08:59:53] [Server thread/WARN]: Skipping Entity with id minecraft:sheep
[08:59:53] [Server thread/WARN]: Skipping Entity with id minecraft:slime
[08:59:53] [Server thread/WARN]: Skipping Entity with id minecraft:villager
[08:59:53] [Server thread/WARN]: Skipping Entity with id minecraft:villager
[08:59:53] [Server thread/WARN]: Skipping Entity with id minecraft:item
[08:59:53] [Server thread/WARN]: Skipping Entity with id minecraft:sheep
[08:59:53] [Server thread/WARN]: Skipping Entity with id minecraft:sheep
[08:59:53] [Server thread/WARN]: Skipping Entity with id minecraft:sheep
[08:59:53] [Server thread/WARN]: Skipping Entity with id minecraft:sheep
[08:59:53] [Server thread/WARN]: Skipping Entity with id minecraft:slime
[08:59:53] [Server thread/WARN]: Skipping Entity with id minecraft:sheep
[08:59:53] [Server thread/WARN]: Skipping Entity with id minecraft:sheep
[08:59:53] [Server thread/WARN]: Skipping Entity with id minecraft:sheep
[08:59:53] [Server thread/WARN]: Skipping Entity with id minecraft:item
[08:59:53] [Server thread/WARN]: Skipping Entity with id minecraft:chicken
[08:59:53] [Server thread/WARN]: Skipping Entity with id minecraft:chicken
[08:59:53] [Server thread/WARN]: Skipping Entity with id minecraft:chicken
[08:59:53] [Server thread/WARN]: Skipping Entity with id minecraft:villager
[08:59:53] [Server thread/WARN]: Skipping Entity with id minecraft:slime
[08:59:53] [Server thread/WARN]: Skipping Entity with id minecraft:chicken
[08:59:53] [Server thread/WARN]: Skipping Entity with id minecraft:chicken
[08:59:53] [Server thread/WARN]: Skipping Entity with id minecraft:chicken
[08:59:53] [Server thread/WARN]: Skipping Entity with id minecraft:slime
[08:59:53] [Server thread/WARN]: Skipping Entity with id minecraft:slime
[08:59:53] [Server thread/WARN]: Skipping Entity with id minecraft:pig
[08:59:53] [Server thread/WARN]: Skipping Entity with id minecraft:slime
[08:59:53] [Server thread/WARN]: Skipping Entity with id minecraft:slime
[08:59:53] [Server thread/WARN]: Skipping Entity with id minecraft:chicken
[08:59:53] [Server thread/WARN]: Skipping Entity with id minecraft:pig
[08:59:53] [Server thread/WARN]: Skipping Entity with id minecraft:chicken
[08:59:53] [Server thread/WARN]: Skipping Entity with id minecraft:chicken
[08:59:53] [Server thread/WARN]: Skipping Entity with id minecraft:slime
[08:59:53] [Server thread/WARN]: Skipping Entity with id minecraft:slime
[08:59:53] [Server thread/WARN]: Skipping Entity with id minecraft:slime
[08:59:53] [Server thread/WARN]: Skipping Entity with id minecraft:horse
[08:59:53] [Server thread/WARN]: Skipping Entity with id minecraft:chicken
[08:59:53] [Server thread/WARN]: Skipping Entity with id minecraft:chicken
[08:59:53] [Server thread/WARN]: Skipping Entity with id minecraft:slime
[08:59:53] [Server thread/WARN]: Skipping Entity with id minecraft:slime
[08:59:53] [Server thread/WARN]: Skipping Entity with id minecraft:slime
[08:59:53] [Server thread/WARN]: Skipping Entity with id minecraft:slime
[08:59:53] [Server thread/WARN]: Skipping Entity with id minecraft:cow
[08:59:53] [Server thread/WARN]: Skipping Entity with id minecraft:cow
[08:59:53] [Server thread/WARN]: Skipping Entity with id minecraft:chicken
[08:59:53] [Server thread/WARN]: Skipping Entity with id minecraft:chicken
[08:59:53] [Server thread/WARN]: Skipping Entity with id minecraft:chicken
[08:59:53] [Server thread/WARN]: Skipping Entity with id minecraft:chicken
[08:59:53] [Server thread/WARN]: Skipping Entity with id minecraft:pig
[08:59:53] [Server thread/WARN]: Skipping Entity with id minecraft:cow
[08:59:53] [Server thread/WARN]: Skipping Entity with id minecraft:slime
[08:59:53] [Server thread/WARN]: Skipping Entity with id minecraft:slime
[08:59:53] [Server thread/WARN]: Skipping Entity with id minecraft:donkey
[08:59:53] [Server thread/WARN]: Skipping Entity with id minecraft:donkey
[08:59:53] [Server thread/WARN]: Skipping Entity with id minecraft:cow
[08:59:53] [Server thread/WARN]: Skipping Entity with id minecraft:cow
[08:59:53] [Server thread/WARN]: Skipping Entity with id minecraft:slime
[08:59:53] [Server thread/WARN]: Skipping Entity with id minecraft:slime
[08:59:53] [Server thread/WARN]: Skipping Entity with id minecraft:chicken
[08:59:53] [Server thread/WARN]: Skipping Entity with id minecraft:pig
[08:59:53] [Server thread/WARN]: Skipping Entity with id minecraft:pig
[08:59:53] [Server thread/WARN]: Skipping Entity with id minecraft:pig
[08:59:53] [Server thread/WARN]: Skipping Entity with id minecraft:pig
[08:59:53] [Server thread/WARN]: Skipping Entity with id minecraft:slime
[08:59:53] [Server thread/WARN]: Skipping Entity with id minecraft:pig
[08:59:53] [Server thread/WARN]: Skipping Entity with id minecraft:pig
[08:59:53] [Server thread/WARN]: Skipping Entity with id minecraft:pig
[08:59:53] [Server thread/WARN]: Skipping Entity with id minecraft:slime
[08:59:53] [Server thread/WARN]: Skipping Entity with id minecraft:sheep
[08:59:53] [Server thread/WARN]: Skipping Entity with id minecraft:sheep
[08:59:53] [Server thread/WARN]: Skipping Entity with id minecraft:horse
[08:59:53] [Server thread/WARN]: Skipping Entity with id minecraft:sheep
[08:59:53] [Server thread/WARN]: Skipping Entity with id minecraft:donkey
[08:59:53] [Server thread/WARN]: Skipping Entity with id minecraft:donkey
[08:59:53] [Server thread/WARN]: Skipping Entity with id minecraft:donkey
[08:59:53] [Server thread/WARN]: Skipping Entity with id minecraft:pig
[08:59:53] [Server thread/WARN]: Skipping Entity with id minecraft:cow
[08:59:53] [Server thread/WARN]: Skipping Entity with id minecraft:sheep
[08:59:53] [Server thread/WARN]: Skipping Entity with id minecraft:sheep
[08:59:53] [Server thread/WARN]: Skipping Entity with id minecraft:cow
[08:59:53] [Server thread/WARN]: Skipping Entity with id minecraft:cow
[08:59:53] [Server thread/WARN]: Skipping Entity with id minecraft:cow
[08:59:53] [Server thread/WARN]: Skipping Entity with id minecraft:cow
[08:59:53] [Server thread/WARN]: Skipping Entity with id minecraft:cow
[08:59:53] [Server thread/WARN]: Skipping Entity with id minecraft:cow
[08:59:53] [Server thread/WARN]: Skipping Entity with id minecraft:cow
[08:59:53] [Server thread/WARN]: Skipping Entity with id minecraft:slime
[08:59:53] [Server thread/WARN]: Skipping Entity with id minecraft:slime
[08:59:53] [Server thread/WARN]: Skipping Entity with id minecraft:cow
[08:59:53] [Server thread/WARN]: Skipping Entity with id minecraft:pig
[08:59:53] [Server thread/WARN]: Skipping Entity with id minecraft:pig
[08:59:53] [Server thread/WARN]: Skipping Entity with id minecraft:sheep
[08:59:53] [Server thread/WARN]: Skipping Entity with id minecraft:chicken
[08:59:53] [Server thread/WARN]: Skipping Entity with id minecraft:pig
[08:59:53] [Server thread/WARN]: Skipping Entity with id minecraft:sheep
[08:59:53] [Server thread/WARN]: Skipping Entity with id minecraft:sheep
[08:59:53] [Server thread/WARN]: Skipping Entity with id minecraft:sheep
[08:59:53] [Server thread/WARN]: Skipping Entity with id minecraft:pig
[08:59:53] [Server thread/WARN]: Skipping Entity with id minecraft:chicken
[08:59:53] [Server thread/WARN]: Skipping Entity with id minecraft:pig
[08:59:53] [Server thread/WARN]: Skipping Entity with id minecraft:pig
[08:59:53] [Server thread/WARN]: Skipping Entity with id minecraft:pig
[08:59:53] [Server thread/WARN]: Skipping Entity with id minecraft:chicken
[08:59:53] [Server thread/WARN]: Skipping Entity with id minecraft:pig
[08:59:53] [Server thread/WARN]: Skipping Entity with id minecraft:cow
[08:59:53] [Server thread/WARN]: Skipping Entity with id minecraft:cow
[08:59:53] [Server thread/WARN]: Skipping Entity with id minecraft:cow
[08:59:53] [Server thread/WARN]: Skipping Entity with id minecraft:cow
[09:00:50] [Server thread/INFO]: Player719 has just earned the achievement [Taking Inventory]
[09:00:50] [Client thread/INFO]: [CHAT] Player719 has just earned the achievement [Taking Inventory]
[09:00:59] [Client thread/INFO]: Stopping!
[09:00:59] [Server thread/INFO]: Stopping server
[09:00:59] [Server thread/INFO]: Saving players
[09:00:59] [Server thread/INFO]: Saving worlds
[09:00:59] [Server thread/INFO]: Saving chunks for level '新的世界'/Overworld
[09:00:59] [Server thread/INFO]: Saving chunks for level '新的世界'/Nether
[09:00:59] [Server thread/INFO]: Saving chunks for level '新的世界'/The End
[09:00:59] [Client Shutdown Thread/INFO]: Stopping server
[09:00:59] [Client Shutdown Thread/INFO]: Saving players
